\BOOKMARK [1][-]{section.1}{\376\377\000S\000u\000p\000p\000l\000e\000m\000e\000n\000t\000a\000r\000y\000\040\000M\000e\000t\000h\000o\000d\000s}{}% 1
\BOOKMARK [2][-]{subsection.1.1}{\376\377\000T\000h\000e\000\040\000G\000a\000m\000m\000a\000\040\000t\000i\000m\000e\000-\000s\000h\000i\000f\000t\000e\000d\000\040\000m\000o\000d\000e\000l\000:\000\040\000d\000e\000t\000a\000i\000l\000e\000d\000\040\000s\000p\000e\000c\000i\000f\000i\000c\000a\000t\000i\000o\000n}{section.1}% 2
\BOOKMARK [2][-]{subsection.1.2}{\376\377\000C\000o\000n\000t\000a\000c\000t\000\040\000p\000r\000o\000c\000e\000s\000s\000\040\000f\000r\000a\000m\000e\000w\000o\000r\000k}{section.1}% 3
\BOOKMARK [2][-]{subsection.1.3}{\376\377\000D\000e\000r\000i\000v\000a\000t\000i\000o\000n\000\040\000o\000f\000\040\000t\000h\000e\000\040\000o\000v\000e\000r\000d\000i\000s\000p\000e\000r\000s\000i\000o\000n\000\040\000f\000o\000r\000m\000u\000l\000a}{section.1}% 4
\BOOKMARK [3][-]{subsubsection.1.3.1}{\376\377\000E\000x\000p\000r\000e\000s\000s\000i\000n\000g\000\040\000k\000\040\000i\000n\000\040\000t\000e\000r\000m\000s\000\040\000o\000f\000\040\000V\000a\000r\000[\000i\000]}{subsection.1.3}% 5
\BOOKMARK [3][-]{subsubsection.1.3.2}{\376\377\000D\000e\000r\000i\000v\000i\000n\000g\000\040\000V\000a\000r\000[\000i\000]\000\040\000v\000i\000a\000\040\000s\000p\000e\000c\000t\000r\000a\000l\000\040\000a\000n\000a\000l\000y\000s\000i\000s}{subsection.1.3}% 6
\BOOKMARK [3][-]{subsubsection.1.3.3}{\376\377\000T\000h\000e\000\040\000p\000o\000w\000e\000r\000\040\000t\000r\000a\000n\000s\000f\000e\000r\000\040\000f\000u\000n\000c\000t\000i\000o\000n\000\040\000|\000i\000\050\000\051\000|\0002}{subsection.1.3}% 7
\BOOKMARK [3][-]{subsubsection.1.3.4}{\376\377\000O\000v\000e\000r\000d\000i\000s\000p\000e\000r\000s\000i\000o\000n\000\040\000f\000o\000r\000\040\000t\000h\000e\000\040\000p\000e\000r\000i\000o\000d\000i\000c\000\040\000c\000o\000n\000t\000a\000c\000t\000\040\000m\000o\000d\000e\000l}{subsection.1.3}% 8
\BOOKMARK [3][-]{subsubsection.1.3.5}{\376\377\000O\000v\000e\000r\000d\000i\000s\000p\000e\000r\000s\000i\000o\000n\000\040\000f\000o\000r\000\040\000t\000h\000e\000\040\000s\000t\000o\000c\000h\000a\000s\000t\000i\000c\000\040\000c\000o\000n\000t\000a\000c\000t\000\040\000m\000o\000d\000e\000l}{subsection.1.3}% 9
\BOOKMARK [2][-]{subsection.1.4}{\376\377\000O\000v\000e\000r\000d\000i\000s\000p\000e\000r\000s\000i\000o\000n\000\040\000i\000n\000\040\000d\000a\000i\000l\000y\000\040\000i\000n\000f\000e\000c\000t\000i\000o\000n\000\040\000c\000o\000u\000n\000t\000s}{section.1}% 10
\BOOKMARK [2][-]{subsection.1.5}{\376\377\000D\000e\000r\000i\000v\000a\000t\000i\000o\000n\000\040\000o\000f\000\040\000E\000[\000]\000\040\000a\000n\000d\000\040\000V\000a\000r\000[\000]\000:\000\040\000e\000a\000r\000l\000y\000-\000e\000p\000i\000d\000e\000m\000i\000c\000\040\000t\000i\000m\000e\000\040\000s\000h\000i\000f\000t\000s}{section.1}% 11
\BOOKMARK [2][-]{subsection.1.6}{\376\377\000E\000f\000f\000e\000c\000t\000i\000v\000e\000\040\000s\000a\000m\000p\000l\000e\000\040\000s\000i\000z\000e\000\040\000f\000o\000r\000\040\000g\000e\000n\000e\000r\000a\000t\000i\000o\000n\000\040\000i\000n\000t\000e\000r\000v\000a\000l\000\040\000e\000s\000t\000i\000m\000a\000t\000i\000o\000n}{section.1}% 12
\BOOKMARK [2][-]{subsection.1.7}{\376\377\000I\000n\000v\000a\000r\000i\000a\000n\000c\000e\000\040\000o\000f\000\040\000i\000n\000f\000e\000c\000t\000i\000o\000n\000-\000a\000n\000c\000h\000o\000r\000e\000d\000\040\000T\000E\000\040\000t\000o\000\040\000t\000h\000e\000\040\000s\000h\000a\000p\000e\000\040\000o\000f\000\040\000t\000h\000e\000\040\000i\000n\000f\000e\000c\000t\000i\000o\000u\000s\000n\000e\000s\000s\000\040\000p\000r\000o\000f\000i\000l\000e}{section.1}% 13
\BOOKMARK [2][-]{subsection.1.8}{\376\377\000D\000e\000r\000i\000v\000a\000t\000i\000o\000n\000\040\000o\000f\000\040\000t\000h\000e\000\040\000t\000r\000u\000n\000c\000a\000t\000e\000d\000\040\000g\000e\000n\000e\000r\000a\000t\000i\000o\000n\000\040\000i\000n\000t\000e\000r\000v\000a\000l\000\040\000d\000i\000s\000t\000r\000i\000b\000u\000t\000i\000o\000n\000\040\000u\000n\000d\000e\000r\000\040\000D\000\046\000I\000\040\000i\000n\000t\000e\000r\000v\000e\000n\000t\000i\000o\000n\000s}{section.1}% 14
\BOOKMARK [2][-]{subsection.1.9}{\376\377\000D\000e\000r\000i\000v\000a\000t\000i\000o\000n\000\040\000o\000f\000\040\000R\000e\000f\000f\000\040\000a\000n\000d\000\040\000O\000D\000\040\000f\000o\000r\000\040\000g\000a\000t\000h\000e\000r\000i\000n\000g\000\040\000s\000i\000z\000e\000\040\000r\000e\000s\000t\000r\000i\000c\000t\000i\000o\000n\000s}{section.1}% 15
\BOOKMARK [2][-]{subsection.1.10}{\376\377\000S\000i\000m\000u\000l\000a\000t\000i\000o\000n\000\040\000f\000r\000a\000m\000e\000w\000o\000r\000k}{section.1}% 16
\BOOKMARK [2][-]{subsection.1.11}{\376\377\000B\000e\000n\000c\000h\000m\000a\000r\000k\000\040\000p\000a\000t\000h\000o\000g\000e\000n\000s}{section.1}% 17
\BOOKMARK [2][-]{subsection.1.12}{\376\377\000E\000m\000p\000i\000r\000i\000c\000a\000l\000\040\000\040\000e\000s\000t\000i\000m\000a\000t\000i\000o\000n\000\040\000p\000r\000o\000c\000e\000d\000u\000r\000e}{section.1}% 18
\BOOKMARK [2][-]{subsection.1.13}{\376\377\000P\000o\000w\000e\000r\000\040\000a\000n\000a\000l\000y\000s\000i\000s\000\040\000f\000o\000r\000\040\000\040\000i\000n\000f\000e\000r\000e\000n\000c\000e}{section.1}% 19
\BOOKMARK [1][-]{section.2}{\376\377\000S\000u\000p\000p\000l\000e\000m\000e\000n\000t\000a\000r\000y\000\040\000D\000i\000s\000c\000u\000s\000s\000i\000o\000n}{}% 20
\BOOKMARK [2][-]{subsection.2.1}{\376\377\000W\000h\000y\000\040\000h\000a\000s\000\040\000\040\000b\000e\000e\000n\000\040\000o\000v\000e\000r\000l\000o\000o\000k\000e\000d\000?}{section.2}% 21
\BOOKMARK [2][-]{subsection.2.2}{\376\377\000E\000a\000r\000l\000y\000-\000e\000p\000i\000d\000e\000m\000i\000c\000\040\000t\000i\000m\000e\000\040\000s\000h\000i\000f\000t\000s}{section.2}% 22
\BOOKMARK [2][-]{subsection.2.3}{\376\377\000I\000n\000f\000e\000r\000e\000n\000c\000e\000\040\000o\000f\000\040\000r\000\040\000a\000n\000d\000\040\000g\000\050\000\051}{section.2}% 23
\BOOKMARK [2][-]{subsection.2.4}{\376\377\000D\000e\000t\000e\000c\000t\000-\000a\000n\000d\000-\000i\000s\000o\000l\000a\000t\000e\000\040\000i\000n\000t\000e\000r\000v\000e\000n\000t\000i\000o\000n\000s}{section.2}% 24
\BOOKMARK [2][-]{subsection.2.5}{\376\377\000E\000v\000a\000l\000u\000a\000t\000i\000n\000g\000\040\000i\000n\000t\000e\000r\000v\000e\000n\000t\000i\000o\000n\000s\000\040\000b\000e\000y\000o\000n\000d\000\040\000R\000e\000f\000f}{section.2}% 25
\BOOKMARK [2][-]{subsection.2.6}{\376\377\000B\000i\000a\000s\000e\000s\000\040\000i\000n\000\040\000e\000m\000p\000i\000r\000i\000c\000a\000l\000\040\000\040\000e\000s\000t\000i\000m\000a\000t\000e\000s}{section.2}% 26
\BOOKMARK [2][-]{subsection.2.7}{\376\377\000L\000i\000m\000i\000t\000a\000t\000i\000o\000n\000s}{section.2}% 27
\BOOKMARK [1][-]{section.3}{\376\377\000S\000u\000p\000p\000l\000e\000m\000e\000n\000t\000a\000r\000y\000\040\000R\000e\000s\000u\000l\000t\000s}{}% 28
\BOOKMARK [2][-]{subsection.3.1}{\376\377\000D\000e\000t\000a\000i\000l\000e\000d\000\040\000e\000a\000r\000l\000y\000-\000e\000p\000i\000d\000e\000m\000i\000c\000\040\000d\000y\000n\000a\000m\000i\000c\000s}{section.3}% 29
\BOOKMARK [2][-]{subsection.3.2}{\376\377\000G\000r\000o\000w\000t\000h\000\040\000r\000a\000t\000e\000\040\000e\000s\000t\000i\000m\000a\000t\000i\000o\000n\000\040\000u\000n\000c\000e\000r\000t\000a\000i\000n\000t\000y}{section.3}% 30
\BOOKMARK [2][-]{subsection.3.3}{\376\377\000G\000e\000n\000e\000r\000a\000t\000i\000o\000n\000\040\000i\000n\000t\000e\000r\000v\000a\000l\000\040\000e\000s\000t\000i\000m\000a\000t\000i\000o\000n\000\040\000a\000n\000d\000\040\000c\000o\000v\000e\000r\000a\000g\000e}{section.3}% 31
\BOOKMARK [2][-]{subsection.3.4}{\376\377\000D\000e\000t\000a\000i\000l\000e\000d\000\040\000o\000v\000e\000r\000d\000i\000s\000p\000e\000r\000s\000i\000o\000n\000\040\000r\000e\000s\000u\000l\000t\000s}{section.3}% 32
\BOOKMARK [2][-]{subsection.3.5}{\376\377\000D\000e\000t\000a\000i\000l\000e\000d\000\040\000D\000\046\000I\000\040\000i\000n\000t\000e\000r\000v\000e\000n\000t\000i\000o\000n\000\040\000r\000e\000s\000u\000l\000t\000s}{section.3}% 33
\BOOKMARK [2][-]{subsection.3.6}{\376\377\000G\000a\000t\000h\000e\000r\000i\000n\000g\000\040\000s\000i\000z\000e\000\040\000r\000e\000s\000t\000r\000i\000c\000t\000i\000o\000n\000\040\000r\000e\000s\000u\000l\000t\000s}{section.3}% 34
\BOOKMARK [1][-]{section.4}{\376\377\000S\000u\000p\000p\000l\000e\000m\000e\000n\000t\000a\000r\000y\000\040\000F\000i\000g\000u\000r\000e\000s}{}% 35
\BOOKMARK [1][-]{section.5}{\376\377\000S\000u\000p\000p\000l\000e\000m\000e\000n\000t\000a\000r\000y\000\040\000T\000a\000b\000l\000e\000s}{}% 36
